Software Version: 11.8.2.4
Embedded FlashPro5 programmer detected.
programmer 'E2001OV11W' : FlashPro5
Opened 'C:\Users\calplug\Documents\GitHub\Microsemi_SmartFusion2_DigikeyBoardDemo\toolkit\ESP_FWProg\designer\SF2_MSS_sys\SF2_MSS_sys_fp\SF2_MSS_sys.pro'
The 'open_project' command succeeded.
IPD file 'C:/Users/calplug/Documents/GitHub/Microsemi_SmartFusion2_DigikeyBoardDemo/toolkit/ESP_FWProg/designer/SF2_MSS_sys/SF2_MSS_sys.ipd' has been loaded successfully.
DESIGN : SF2_MSS_sys;  CHECKSUM : 8FE0;  PDB_VERSION : 1.9
The 'set_programming_file' command succeeded.
Warning: Programming is already enabled for device 'M2S010'.
The 'enable_device' command succeeded.
The 'set_programming_action' command succeeded.
programmer 'E2001OV11W' : Scan Chain...
Warning: programmer 'E2001OV11W' : Vpump has been selected on programmer AND an externally provided Vpump has also been detected. Using externally provided Vpump voltage source.
programmer 'E2001OV11W' : Check Chain...
programmer 'E2001OV11W' : Scan and Check Chain PASSED.
programmer 'E2001OV11W' : device 'M2S010' : Executing action PROGRAM
programmer 'E2001OV11W' : device 'M2S010' : Family: Igloo2
programmer 'E2001OV11W' : device 'M2S010' : Product:      M2GL005
programmer 'E2001OV11W' : device 'M2S010' : EXPORT ISC_ENABLE_RESULT[32] = 007a6844
programmer 'E2001OV11W' : device 'M2S010' : EXPORT CRCERR[1] = 0
programmer 'E2001OV11W' : device 'M2S010' : EXPORT EDCERR[1] = 0
programmer 'E2001OV11W' : device 'M2S010' : Programming FPGA Array and eNVM...
programmer 'E2001OV11W' : device 'M2S010' : ===================================================================================
programmer 'E2001OV11W' : device 'M2S010' : EXPORT DSN[128] = 878af3a0dd27b17f2ff48a6c7c88828d
programmer 'E2001OV11W' : device 'M2S010' : ===================================================================================
programmer 'E2001OV11W' : device 'M2S010' : Finished: Wed Dec 13 18:34:03 2017 (Elapsed time 00:00:28)
programmer 'E2001OV11W' : device 'M2S010' : Executing action PROGRAM PASSED.
programmer 'E2001OV11W' : Chain programming PASSED.
Chain Programming Finished: Wed Dec 13 18:34:03 2017 (Elapsed time 00:00:28)

                        o - o - o - o - o - o

The 'run_selected_actions' command succeeded.
The 'set_programming_file' command succeeded.
Project saved.
The 'save_project' command succeeded.
Project closed.
