Resource Usage Report for SF2_MSS_sys 

Mapping to part: m2s010tq144std
Cell usage:
CCC             1 use
CLKINT          2 uses
MSS_010         1 use
OR3             2 uses
RCOSC_25_50MHZ  1 use
SYSRESET        1 use
CFG2           93 uses
CFG3           151 uses
CFG4           213 uses

Carry cells:
ARI1            128 uses - used for arithmetic functions
ARI1            29 uses - used for Wide-Mux implementation
Total ARI1      157 uses


Sequential Cells: 
SLE            375 uses

DSP Blocks:    0 of 22 (0%)

I/O ports: 35
I/O primitives: 34
INBUF          14 uses
OUTBUF         20 uses


Global Clock Buffers: 2 of 8 (25%)


Total LUTs:    614

Extra resources required for RAM and MACC interface logic during P&R:

RAM64x18 Interface Logic : SLEs = 36; LUTs = 36;
RAM1K18  Interface Logic : SLEs = 0; LUTs = 0;
MACC     Interface Logic : SLEs = 0; LUTs = 0;

Total number of SLEs after P&R:  375 + 36 + 0 + 0 = 411;
Total number of LUTs after P&R:  614 + 36 + 0 + 0 = 650;

