Resource Report
Microsemi Corporation - Microsemi Libero Software Release Libero SoC v11.8 SP2 (Version 11.8.2.4)
Date: Wed Dec 13 15:07:21 2017

Device Selection
+--------------------------------+----------------+
| Family                         | SmartFusion2   |
| Device                         | M2S010         |
| Package                        | 144 TQ         |
| Speed Grade                    | STD            |
| Temp                           | 0:25:85        |
| Voltage                        | 1.26:1.20:1.14 |
| Core Voltage                   | 1.2V           |
| Ramp Rate                      | 100ms Minimum  |
| System Controller Suspend Mode | No             |
| PLL Supply Voltage             | 2.5V           |
| Default I/O technology         | LVCMOS 2.5V    |
| Restrict Probe Pins            | Yes            |
| Restrict SPI Pins              | No             |
+--------------------------------+----------------+

Source Files
+---------+------------------------------------------------------------------------------------------------------------------------+
| Topcell | SF2_MSS_sys                                                                                                            |
| Format  | EDIF                                                                                                                   |
| Source  | C:\Users\calplug\Documents\GitHub\Microsemi_SmartFusion2_DigikeyBoardDemo\toolkit\ESP_FWProg\synthesis\SF2_MSS_sys.edn |
+---------+------------------------------------------------------------------------------------------------------------------------+

Options
+----------------------------------------------------+-------+
| Enable Single Event Transient mitigation           | false |
| Enable Design Separation Methodology               | false |
| Limit the number of high fanout nets to display to | 10    |
+----------------------------------------------------+-------+

Resource Usage
+---------------------------+------+-------+------------+
| Type                      | Used | Total | Percentage |
+---------------------------+------+-------+------------+
| 4LUT                      | 659  | 12084 | 5.45       |
| DFF                       | 411  | 12084 | 3.40       |
| I/O Register              | 0    | 252   | 0.00       |
| User I/O                  | 34   | 84    | 40.48      |
| -- Single-ended I/O       | 34   | 84    | 40.48      |
| -- Differential I/O Pairs | 0    | 37    | 0.00       |
| RAM64x18                  | 1    | 22    | 4.55       |
| RAM1K18                   | 0    | 21    | 0.00       |
| MACC                      | 0    | 22    | 0.00       |
| Chip Globals              | 2    | 8     | 25.00      |
| CCC                       | 1    | 2     | 50.00      |
| RCOSC_25_50MHZ            | 1    | 1     | 100.00     |
| RCOSC_1MHZ                | 0    | 1     | 0.00       |
| XTLOSC                    | 0    | 1     | 0.00       |
| MSS                       | 1    | 1     | 100.00     |
+---------------------------+------+-------+------------+

Detailed Logic Resource Usage
+--------------------------+------+-----+
| Type                     | 4LUT | DFF |
+--------------------------+------+-----+
| Fabric Logic             | 623  | 375 |
| RAM64x18 Interface Logic | 36   | 36  |
| RAM1K18 Interface Logic  | 0    | 0   |
| MACC Interface Logic     | 0    | 0   |
| Total Used               | 659  | 411 |
+--------------------------+------+-----+

MSS Resource Usage
+---------------+------+-------+
| Type          | Used | Total |
+---------------+------+-------+
| Cortex-M3*    | 1    | 1     |
| eNVM (256KB)* | 1    | 1     |
| eSRAM*        | 2    | 2     |
| TIMER*        | 2    | 2     |
| CAN           | 0    | 1     |
| SPI           | 1    | 2     |
| I2C           | 0    | 2     |
| UART          | 0    | 2     |
| USB           | 0    | 1     |
| MAC           | 0    | 1     |
| MDDR          | 0    | 1     |
| HPDMA         | 1    | 1     |
| PDMA          | 1    | 1     |
+---------------+------+-------+

* These resources are always marked as used when you are using the MSS

Detailed Carry Chains Resource Usage
+--------+------+
| Length | Used |
| 2      | 12   |
| 5      | 1    |
| 9      | 4    |
| 14     | 1    |
| 17     | 5    |
| Total  | 23   |
+--------+------+

I/O Function
+-------------------------------+--------------+-------------+-----------------+
| Type                          | w/o register | w/ register | w/ DDR register |
+-------------------------------+--------------+-------------+-----------------+
| Input I/O                     | 14           | 0           | 0               |
| Output I/O                    | 20           | 0           | 0               |
| Bidirectional I/O             | 0            | 0           | 0               |
| Differential Input I/O Pairs  | 0            | 0           | 0               |
| Differential Output I/O Pairs | 0            | 0           | 0               |
+-------------------------------+--------------+-------------+-----------------+

I/O Technology
+--------------+--------+------+-------+--------+---------------+
| I/O Standard | Vddi   | Vref | Input | Output | Bidirectional |
+--------------+--------+------+-------+--------+---------------+
| LVCMOS25     |  2.50v |  N/A |  14   |  20    |  0            |
+--------------+--------+------+-------+--------+---------------+

I/O Placement
+----------+-------+------------+
| Type     | Count | Percentage |
+----------+-------+------------+
| Locked   |  0    | 0.00%      |
| Placed   |  0    | 0.00%      |
| UnPlaced |  34   | 100.00%    |
+----------+-------+------------+

Nets assigned to chip global resources
+--------+---------+--------------------------------------------------------------------------+
| Fanout | Type    | Name                                                                     |
+--------+---------+--------------------------------------------------------------------------+
| 377    | INT_NET | Net   : SF2_MSS_sys_sb_0/FAB_CCC_GL0                                     |
|        |         | Driver: SF2_MSS_sys_sb_0/CCC_0/GL0_INST/U0_RGB1                          |
|        |         | Source: NETLIST                                                          |
| 366    | INT_NET | Net   : SF2_MSS_sys_sb_0/MSS_READY                                       |
|        |         | Driver: SF2_MSS_sys_sb_0/CORERESETP_0/MSS_HPMS_READY_int_RNIDDQA/U0_RGB1 |
|        |         | Source: NETLIST                                                          |
+--------+---------+--------------------------------------------------------------------------+

Nets assigned to row global resources
+--------+------+------+
| Fanout | Type | Name |
+--------+------+------+
+--------+------+------+

High fanout nets
+--------+---------+---------------------------------------------------------------------------------------------------------+
| Fanout | Type    | Name                                                                                                    |
+--------+---------+---------------------------------------------------------------------------------------------------------+
| 68     | INT_NET | Net   : SF2_MSS_sys_sb_0/CoreAPB3_0_APBmslave0_PADDR[4]                                                 |
|        |         | Driver: SF2_MSS_sys_sb_0/SF2_MSS_sys_sb_MSS_0/MSS_ADLIB_INST                                            |
| 51     | INT_NET | Net   : SF2_MSS_sys_sb_0/CoreAPB3_0_APBmslave0_PADDR[2]                                                 |
|        |         | Driver: SF2_MSS_sys_sb_0/SF2_MSS_sys_sb_MSS_0/MSS_ADLIB_INST                                            |
| 37     | INT_NET | Net   : SF2_MSS_sys_sb_0/CoreAPB3_0_APBmslave0_PADDR[3]                                                 |
|        |         | Driver: SF2_MSS_sys_sb_0/SF2_MSS_sys_sb_MSS_0/MSS_ADLIB_INST                                            |
| 32     | INT_NET | Net   : SF2_MSS_sys_sb_0/corepwm_0_0/xhdl58.reg_if_inst/prescale_reg7                                   |
|        |         | Driver: SF2_MSS_sys_sb_0/corepwm_0_0/xhdl58.reg_if_inst/G2.1.prescale_reg7                              |
| 31     | INT_NET | Net   : SF2_MSS_sys_sb_0/CoreAPB3_0_APBmslave2_PSELx                                                    |
|        |         | Driver: SF2_MSS_sys_sb_0/CoreAPB3_0/iPSELS_raw[2]                                                       |
| 29     | INT_NET | Net   : SF2_MSS_sys_sb_0/CoreGPIO_0/N_360                                                               |
|        |         | Driver: SF2_MSS_sys_sb_0/CoreGPIO_0/GEN_BITS.0.APB_32.un15_fixed_config_0_a2_0_a2_RNIGB3N               |
| 27     | INT_NET | Net   : SF2_MSS_sys_sb_0/CoreAPB3_0_APBmslave1_PSELx                                                    |
|        |         | Driver: SF2_MSS_sys_sb_0/CoreAPB3_0/iPSELS_raw[1]                                                       |
| 24     | INT_NET | Net   : SF2_MSS_sys_sb_0/CoreAPB3_0_APBmslave0_PWDATA[0]                                                |
|        |         | Driver: SF2_MSS_sys_sb_0/SF2_MSS_sys_sb_MSS_0/MSS_ADLIB_INST                                            |
| 23     | INT_NET | Net   : SF2_MSS_sys_sb_0/CoreUARTapb_0/uUART/baud_clock                                                 |
|        |         | Driver: SF2_MSS_sys_sb_0/CoreUARTapb_0/uUART/make_SF2_MSS_sys_sb_CoreUARTapb_0_Clock_gen/baud_clock_int |
| 22     | INT_NET | Net   : SF2_MSS_sys_sb_0/corepwm_0_0/prescale_cnt                                                       |
|        |         | Driver: SF2_MSS_sys_sb_0/corepwm_0_0/G0b.timebase_inst/sync_pulse_1_cry_0                               |
+--------+---------+---------------------------------------------------------------------------------------------------------+

High fanout nets (through buffer trees)
+--------+---------+---------------------------------------------------------------------------------------------------------+
| Fanout | Type    | Name                                                                                                    |
+--------+---------+---------------------------------------------------------------------------------------------------------+
| 68     | INT_NET | Net   : SF2_MSS_sys_sb_0/CoreAPB3_0_APBmslave0_PADDR[4]                                                 |
|        |         | Driver: SF2_MSS_sys_sb_0/SF2_MSS_sys_sb_MSS_0/MSS_ADLIB_INST                                            |
| 51     | INT_NET | Net   : SF2_MSS_sys_sb_0/CoreAPB3_0_APBmslave0_PADDR[2]                                                 |
|        |         | Driver: SF2_MSS_sys_sb_0/SF2_MSS_sys_sb_MSS_0/MSS_ADLIB_INST                                            |
| 37     | INT_NET | Net   : SF2_MSS_sys_sb_0/CoreAPB3_0_APBmslave0_PADDR[3]                                                 |
|        |         | Driver: SF2_MSS_sys_sb_0/SF2_MSS_sys_sb_MSS_0/MSS_ADLIB_INST                                            |
| 32     | INT_NET | Net   : SF2_MSS_sys_sb_0/corepwm_0_0/xhdl58.reg_if_inst/prescale_reg7                                   |
|        |         | Driver: SF2_MSS_sys_sb_0/corepwm_0_0/xhdl58.reg_if_inst/G2.1.prescale_reg7                              |
| 31     | INT_NET | Net   : SF2_MSS_sys_sb_0/CoreAPB3_0_APBmslave2_PSELx                                                    |
|        |         | Driver: SF2_MSS_sys_sb_0/CoreAPB3_0/iPSELS_raw[2]                                                       |
| 29     | INT_NET | Net   : SF2_MSS_sys_sb_0/CoreGPIO_0/N_360                                                               |
|        |         | Driver: SF2_MSS_sys_sb_0/CoreGPIO_0/GEN_BITS.0.APB_32.un15_fixed_config_0_a2_0_a2_RNIGB3N               |
| 27     | INT_NET | Net   : SF2_MSS_sys_sb_0/CoreAPB3_0_APBmslave1_PSELx                                                    |
|        |         | Driver: SF2_MSS_sys_sb_0/CoreAPB3_0/iPSELS_raw[1]                                                       |
| 24     | INT_NET | Net   : SF2_MSS_sys_sb_0/CoreAPB3_0_APBmslave0_PWDATA[0]                                                |
|        |         | Driver: SF2_MSS_sys_sb_0/SF2_MSS_sys_sb_MSS_0/MSS_ADLIB_INST                                            |
| 23     | INT_NET | Net   : SF2_MSS_sys_sb_0/CoreUARTapb_0/uUART/baud_clock                                                 |
|        |         | Driver: SF2_MSS_sys_sb_0/CoreUARTapb_0/uUART/make_SF2_MSS_sys_sb_CoreUARTapb_0_Clock_gen/baud_clock_int |
| 22     | INT_NET | Net   : SF2_MSS_sys_sb_0/corepwm_0_0/prescale_cnt                                                       |
|        |         | Driver: SF2_MSS_sys_sb_0/corepwm_0_0/G0b.timebase_inst/sync_pulse_1_cry_0                               |
+--------+---------+---------------------------------------------------------------------------------------------------------+

